# JRE version: Java(TM) SE Runtime Environment (7.0_79-b15) (build 1.7.0_79-b15)
# Java VM: Java HotSpot(TM) 64-Bit Server VM (24.79-b02 mixed mode linux-amd64 compressed oops)
Heap
 PSYoungGen      total 229888K, used 0K [0x00000007d6e00000, 0x0000000800000000, 0x0000000800000000)
  eden space 229376K, 0% used [0x00000007d6e00000,0x00000007d6e00000,0x00000007e4e00000)
  from space 512K, 0% used [0x00000007e4e00000,0x00000007e4e00000,0x00000007e4e80000)
  to   space 223232K, 0% used [0x00000007f2600000,0x00000007f2600000,0x0000000800000000)
 ParOldGen       total 551936K, used 545435K [0x0000000784a00000, 0x00000007a6500000, 0x00000007d6e00000)
  object space 551936K, 98% used [0x0000000784a00000,0x00000007a5ea6dc8,0x00000007a6500000)
 PSPermGen       total 21504K, used 3183K [0x000000077f800000, 0x0000000780d00000, 0x0000000784a00000)
  object space 21504K, 14% used [0x000000077f800000,0x000000077fb1be98,0x0000000780d00000)
GC Heap History (10 events):
Event: 7.889 GC heap after
Heap after GC invocations=11 (full 3):
 PSYoungGen      total 433152K, used 116716K [0x00000007d6e00000, 0x00000007fc580000, 0x0000000800000000)
  eden space 316416K, 0% used [0x00000007d6e00000,0x00000007d6e00000,0x00000007ea300000)
  from space 116736K, 99% used [0x00000007f2c00000,0x00000007f9dfb170,0x00000007f9e00000)
  to   space 140288K, 0% used [0x00000007ea300000,0x00000007ea300000,0x00000007f2c00000)
 ParOldGen       total 375296K, used 240511K [0x0000000784a00000, 0x000000079b880000, 0x00000007d6e00000)
  object space 375296K, 64% used [0x0000000784a00000,0x00000007934dfcb8,0x000000079b880000)
 PSPermGen       total 21504K, used 3004K [0x000000077f800000, 0x0000000780d00000, 0x0000000784a00000)
  object space 21504K, 13% used [0x000000077f800000,0x000000077faef370,0x0000000780d00000)
}
Event: 9.840 GC heap before
{Heap before GC invocations=12 (full 3):
 PSYoungGen      total 433152K, used 433132K [0x00000007d6e00000, 0x00000007fc580000, 0x0000000800000000)
  eden space 316416K, 100% used [0x00000007d6e00000,0x00000007ea300000,0x00000007ea300000)
  from space 116736K, 99% used [0x00000007f2c00000,0x00000007f9dfb170,0x00000007f9e00000)
  to   space 140288K, 0% used [0x00000007ea300000,0x00000007ea300000,0x00000007f2c00000)
 ParOldGen       total 375296K, used 240511K [0x0000000784a00000, 0x000000079b880000, 0x00000007d6e00000)
  object space 375296K, 64% used [0x0000000784a00000,0x00000007934dfcb8,0x000000079b880000)
 PSPermGen       total 21504K, used 3004K [0x000000077f800000, 0x0000000780d00000, 0x0000000784a00000)
  object space 21504K, 13% used [0x000000077f800000,0x000000077faef370,0x0000000780d00000)
Event: 14.359 GC heap after
Heap after GC invocations=12 (full 3):
 PSYoungGen      total 456704K, used 140275K [0x00000007d6e00000, 0x0000000800000000, 0x0000000800000000)
  eden space 316416K, 0% used [0x00000007d6e00000,0x00000007d6e00000,0x00000007ea300000)
  from space 140288K, 99% used [0x00000007ea300000,0x00000007f2bfcd38,0x00000007f2c00000)
  to   space 208384K, 0% used [0x00000007f3480000,0x00000007f3480000,0x0000000800000000)
 ParOldGen       total 375296K, used 349783K [0x0000000784a00000, 0x000000079b880000, 0x00000007d6e00000)
  object space 375296K, 93% used [0x0000000784a00000,0x0000000799f95e78,0x000000079b880000)
 PSPermGen       total 21504K, used 3004K [0x000000077f800000, 0x0000000780d00000, 0x0000000784a00000)
  object space 21504K, 13% used [0x000000077f800000,0x000000077faef370,0x0000000780d00000)
}
Event: 14.683 GC heap before
{Heap before GC invocations=13 (full 4):
 PSYoungGen      total 456704K, used 140275K [0x00000007d6e00000, 0x0000000800000000, 0x0000000800000000)
  eden space 316416K, 0% used [0x00000007d6e00000,0x00000007d6e00000,0x00000007ea300000)
  from space 140288K, 99% used [0x00000007ea300000,0x00000007f2bfcd38,0x00000007f2c00000)
  to   space 208384K, 0% used [0x00000007f3480000,0x00000007f3480000,0x0000000800000000)
 ParOldGen       total 375296K, used 349783K [0x0000000784a00000, 0x000000079b880000, 0x00000007d6e00000)
  object space 375296K, 93% used [0x0000000784a00000,0x0000000799f95e78,0x000000079b880000)
 PSPermGen       total 21504K, used 3004K [0x000000077f800000, 0x0000000780d00000, 0x0000000784a00000)
  object space 21504K, 13% used [0x000000077f800000,0x000000077faef370,0x0000000780d00000)
Event: 17.000 GC heap after
Heap after GC invocations=13 (full 4):
 PSYoungGen      total 456704K, used 100412K [0x00000007d6e00000, 0x0000000800000000, 0x0000000800000000)
  eden space 316416K, 0% used [0x00000007d6e00000,0x00000007d6e00000,0x00000007ea300000)
  from space 140288K, 71% used [0x00000007ea300000,0x00000007f050f160,0x00000007f2c00000)
  to   space 208384K, 0% used [0x00000007f3480000,0x00000007f3480000,0x0000000800000000)
 ParOldGen       total 551936K, used 374887K [0x0000000784a00000, 0x00000007a6500000, 0x00000007d6e00000)
  object space 551936K, 67% used [0x0000000784a00000,0x000000079b819f38,0x00000007a6500000)
 PSPermGen       total 21504K, used 3004K [0x000000077f800000, 0x0000000780d00000, 0x0000000784a00000)
  object space 21504K, 13% used [0x000000077f800000,0x000000077faef370,0x0000000780d00000)
}
Event: 23.375 GC heap before
{Heap before GC invocations=14 (full 4):
 PSYoungGen      total 456704K, used 416828K [0x00000007d6e00000, 0x0000000800000000, 0x0000000800000000)
  eden space 316416K, 100% used [0x00000007d6e00000,0x00000007ea300000,0x00000007ea300000)
  from space 140288K, 71% used [0x00000007ea300000,0x00000007f050f160,0x00000007f2c00000)
  to   space 208384K, 0% used [0x00000007f3480000,0x00000007f3480000,0x0000000800000000)
 ParOldGen       total 551936K, used 374887K [0x0000000784a00000, 0x00000007a6500000, 0x00000007d6e00000)
  object space 551936K, 67% used [0x0000000784a00000,0x000000079b819f38,0x00000007a6500000)
 PSPermGen       total 21504K, used 3183K [0x000000077f800000, 0x0000000780d00000, 0x0000000784a00000)
  object space 21504K, 14% used [0x000000077f800000,0x000000077fb1bda0,0x0000000780d00000)
Event: 23.467 GC heap after
Heap after GC invocations=14 (full 4):
 PSYoungGen      total 437760K, used 150400K [0x00000007d6e00000, 0x0000000800000000, 0x0000000800000000)
  eden space 229376K, 0% used [0x00000007d6e00000,0x00000007d6e00000,0x00000007e4e00000)
  from space 208384K, 72% used [0x00000007f3480000,0x00000007fc7603b8,0x0000000800000000)
  to   space 222208K, 0% used [0x00000007e4e00000,0x00000007e4e00000,0x00000007f2700000)
 ParOldGen       total 551936K, used 409895K [0x0000000784a00000, 0x00000007a6500000, 0x00000007d6e00000)
  object space 551936K, 74% used [0x0000000784a00000,0x000000079da49c18,0x00000007a6500000)
 PSPermGen       total 21504K, used 3183K [0x000000077f800000, 0x0000000780d00000, 0x0000000784a00000)
  object space 21504K, 14% used [0x000000077f800000,0x000000077fb1bda0,0x0000000780d00000)
}
Event: 23.716 GC heap before
{Heap before GC invocations=15 (full 4):
 PSYoungGen      total 437760K, used 379776K [0x00000007d6e00000, 0x0000000800000000, 0x0000000800000000)
  eden space 229376K, 100% used [0x00000007d6e00000,0x00000007e4e00000,0x00000007e4e00000)
  from space 208384K, 72% used [0x00000007f3480000,0x00000007fc7603b8,0x0000000800000000)
  to   space 222208K, 0% used [0x00000007e4e00000,0x00000007e4e00000,0x00000007f2700000)
 ParOldGen       total 551936K, used 409895K [0x0000000784a00000, 0x00000007a6500000, 0x00000007d6e00000)
  object space 551936K, 74% used [0x0000000784a00000,0x000000079da49c18,0x00000007a6500000)
 PSPermGen       total 21504K, used 3183K [0x000000077f800000, 0x0000000780d00000, 0x0000000784a00000)
  object space 21504K, 14% used [0x000000077f800000,0x000000077fb1bec0,0x0000000780d00000)
Event: 27.104 GC heap after
Heap after GC invocations=15 (full 4):
 PSYoungGen      total 229888K, used 160K [0x00000007d6e00000, 0x0000000800000000, 0x0000000800000000)
  eden space 229376K, 0% used [0x00000007d6e00000,0x00000007d6e00000,0x00000007e4e00000)
  from space 512K, 31% used [0x00000007e4e00000,0x00000007e4e28000,0x00000007e4e80000)
  to   space 223232K, 0% used [0x00000007f2600000,0x00000007f2600000,0x0000000800000000)
 ParOldGen       total 551936K, used 547001K [0x0000000784a00000, 0x00000007a6500000, 0x00000007d6e00000)
  object space 551936K, 99% used [0x0000000784a00000,0x00000007a602e788,0x00000007a6500000)
 PSPermGen       total 21504K, used 3183K [0x000000077f800000, 0x0000000780d00000, 0x0000000784a00000)
  object space 21504K, 14% used [0x000000077f800000,0x000000077fb1bec0,0x0000000780d00000)
}
Event: 27.694 GC heap before
{Heap before GC invocations=16 (full 5):
 PSYoungGen      total 229888K, used 160K [0x00000007d6e00000, 0x0000000800000000, 0x0000000800000000)
  eden space 229376K, 0% used [0x00000007d6e00000,0x00000007d6e00000,0x00000007e4e00000)
  from space 512K, 31% used [0x00000007e4e00000,0x00000007e4e28000,0x00000007e4e80000)
  to   space 223232K, 0% used [0x00000007f2600000,0x00000007f2600000,0x0000000800000000)
 ParOldGen       total 551936K, used 547001K [0x0000000784a00000, 0x00000007a6500000, 0x00000007d6e00000)
  object space 551936K, 99% used [0x0000000784a00000,0x00000007a602e788,0x00000007a6500000)
 PSPermGen       total 21504K, used 3183K [0x000000077f800000, 0x0000000780d00000, 0x0000000784a00000)
  object space 21504K, 14% used [0x000000077f800000,0x000000077fb1bec0,0x0000000780d00000)

